15-54-2022 00:54:04.211 INFO: Incoming request | #1 | resource: /stack/size | HTTP Verb GET | request #1
15-54-2022 00:54:04.355 INFO: Incoming request | #2 | resource: /stack/arguments | HTTP Verb PUT | request #2
15-54-2022 00:54:04.443 INFO: Incoming request | #3 | resource: /independent/calculate | HTTP Verb POST | request #3
15-54-2022 00:54:04.537 INFO: Incoming request | #4 | resource: /stack/size | HTTP Verb GET | request #4
15-54-2022 00:54:04.636 INFO: Incoming request | #5 | resource: /logs/level | HTTP Verb PUT | request #5
15-54-2022 00:54:04.728 INFO: Incoming request | #6 | resource: /stack/size | HTTP Verb GET | request #6
15-54-2022 00:54:04.823 INFO: Incoming request | #7 | resource: /stack/operate | HTTP Verb GET | request #7
15-54-2022 00:54:04.903 INFO: Incoming request | #8 | resource: /stack/operate | HTTP Verb GET | request #8
15-54-2022 00:54:04.998 INFO: Incoming request | #9 | resource: /stack/arguments | HTTP Verb PUT | request #9
15-54-2022 00:54:05.090 INFO: Incoming request | #10 | resource: /stack/operate | HTTP Verb GET | request #10
15-54-2022 00:54:05.169 INFO: Incoming request | #11 | resource: /logs/level | HTTP Verb PUT | request #11
15-54-2022 00:54:05.170 DEBUG: request #11 duration: 0ms | request #11
15-54-2022 00:54:05.249 INFO: Incoming request | #12 | resource: /stack/arguments | HTTP Verb PUT | request #12
15-54-2022 00:54:05.250 DEBUG: request #12 duration: 1ms | request #12
15-54-2022 00:54:05.329 INFO: Incoming request | #13 | resource: /stack/operate | HTTP Verb GET | request #13
15-54-2022 00:54:05.331 DEBUG: request #13 duration: 1ms | request #13
15-54-2022 00:54:05.423 INFO: Incoming request | #14 | resource: /stack/arguments | HTTP Verb DELETE | request #14
15-54-2022 00:54:05.424 DEBUG: request #14 duration: 1ms | request #14
15-54-2022 00:54:05.519 INFO: Incoming request | #15 | resource: /stack/size | HTTP Verb GET | request #15
15-54-2022 00:54:05.519 DEBUG: request #15 duration: 0ms | request #15
